{"/home/s015sir/git/fullstack/osa7/bloglist/src/App.js": {"path":"/home/s015sir/git/fullstack/osa7/bloglist/src/App.js","statementMap":{"0":{"start":{"line":12,"column":12},"end":{"line":135,"column":1}},"1":{"start":{"line":13,"column":19},"end":{"line":13,"column":35}},"2":{"start":{"line":14,"column":19},"end":{"line":14,"column":39}},"3":{"start":{"line":15,"column":16},"end":{"line":15,"column":32}},"4":{"start":{"line":16,"column":17},"end":{"line":16,"column":33}},"5":{"start":{"line":17,"column":14},"end":{"line":17,"column":30}},"6":{"start":{"line":19,"column":22},"end":{"line":19,"column":39}},"7":{"start":{"line":21,"column":22},"end":{"line":34,"column":3}},"8":{"start":{"line":22,"column":4},"end":{"line":22,"column":26}},"9":{"start":{"line":23,"column":4},"end":{"line":33,"column":5}},"10":{"start":{"line":24,"column":23},"end":{"line":24,"column":37}},"11":{"start":{"line":25,"column":23},"end":{"line":25,"column":37}},"12":{"start":{"line":26,"column":6},"end":{"line":26,"column":37}},"13":{"start":{"line":27,"column":6},"end":{"line":27,"column":22}},"14":{"start":{"line":28,"column":6},"end":{"line":28,"column":22}},"15":{"start":{"line":29,"column":6},"end":{"line":29,"column":43}},"16":{"start":{"line":31,"column":6},"end":{"line":31,"column":42}},"17":{"start":{"line":32,"column":6},"end":{"line":32,"column":53}},"18":{"start":{"line":36,"column":23},"end":{"line":46,"column":3}},"19":{"start":{"line":37,"column":4},"end":{"line":37,"column":26}},"20":{"start":{"line":38,"column":4},"end":{"line":45,"column":5}},"21":{"start":{"line":39,"column":6},"end":{"line":39,"column":20}},"22":{"start":{"line":40,"column":6},"end":{"line":40,"column":27}},"23":{"start":{"line":41,"column":6},"end":{"line":41,"column":44}},"24":{"start":{"line":43,"column":6},"end":{"line":43,"column":42}},"25":{"start":{"line":44,"column":6},"end":{"line":44,"column":42}},"26":{"start":{"line":48,"column":21},"end":{"line":67,"column":3}},"27":{"start":{"line":49,"column":4},"end":{"line":49,"column":26}},"28":{"start":{"line":51,"column":4},"end":{"line":66,"column":5}},"29":{"start":{"line":52,"column":6},"end":{"line":52,"column":44}},"30":{"start":{"line":53,"column":22},"end":{"line":57,"column":7}},"31":{"start":{"line":58,"column":6},"end":{"line":58,"column":49}},"32":{"start":{"line":59,"column":6},"end":{"line":59,"column":17}},"33":{"start":{"line":60,"column":6},"end":{"line":60,"column":19}},"34":{"start":{"line":61,"column":6},"end":{"line":61,"column":20}},"35":{"start":{"line":62,"column":6},"end":{"line":62,"column":41}},"36":{"start":{"line":64,"column":6},"end":{"line":64,"column":42}},"37":{"start":{"line":65,"column":6},"end":{"line":65,"column":52}},"38":{"start":{"line":69,"column":19},"end":{"line":73,"column":2}},"39":{"start":{"line":70,"column":4},"end":{"line":72,"column":10}},"40":{"start":{"line":75,"column":25},"end":{"line":75,"column":65}},"41":{"start":{"line":75,"column":33},"end":{"line":75,"column":65}},"42":{"start":{"line":75,"column":61},"end":{"line":75,"column":65}},"43":{"start":{"line":76,"column":22},"end":{"line":76,"column":45}},"44":{"start":{"line":78,"column":20},"end":{"line":93,"column":3}},"45":{"start":{"line":79,"column":4},"end":{"line":92,"column":10}},"46":{"start":{"line":95,"column":19},"end":{"line":116,"column":2}},"47":{"start":{"line":96,"column":2},"end":{"line":115,"column":14}},"48":{"start":{"line":118,"column":2},"end":{"line":134,"column":3}},"49":{"start":{"line":137,"column":24},"end":{"line":141,"column":1}},"50":{"start":{"line":138,"column":2},"end":{"line":140,"column":3}},"51":{"start":{"line":143,"column":27},"end":{"line":145,"column":1}}},"fnMap":{"0":{"name":"(anonymous_0)","decl":{"start":{"line":12,"column":12},"end":{"line":12,"column":13}},"loc":{"start":{"line":12,"column":23},"end":{"line":135,"column":1}},"line":12},"1":{"name":"(anonymous_1)","decl":{"start":{"line":21,"column":22},"end":{"line":21,"column":23}},"loc":{"start":{"line":21,"column":39},"end":{"line":34,"column":3}},"line":21},"2":{"name":"(anonymous_2)","decl":{"start":{"line":36,"column":23},"end":{"line":36,"column":24}},"loc":{"start":{"line":36,"column":40},"end":{"line":46,"column":3}},"line":36},"3":{"name":"(anonymous_3)","decl":{"start":{"line":48,"column":21},"end":{"line":48,"column":22}},"loc":{"start":{"line":48,"column":38},"end":{"line":67,"column":3}},"line":48},"4":{"name":"(anonymous_4)","decl":{"start":{"line":69,"column":19},"end":{"line":69,"column":20}},"loc":{"start":{"line":70,"column":4},"end":{"line":72,"column":10}},"line":70},"5":{"name":"(anonymous_5)","decl":{"start":{"line":75,"column":25},"end":{"line":75,"column":26}},"loc":{"start":{"line":75,"column":33},"end":{"line":75,"column":65}},"line":75},"6":{"name":"(anonymous_6)","decl":{"start":{"line":75,"column":33},"end":{"line":75,"column":34}},"loc":{"start":{"line":75,"column":61},"end":{"line":75,"column":65}},"line":75},"7":{"name":"(anonymous_7)","decl":{"start":{"line":78,"column":20},"end":{"line":78,"column":21}},"loc":{"start":{"line":79,"column":4},"end":{"line":92,"column":10}},"line":79},"8":{"name":"(anonymous_8)","decl":{"start":{"line":95,"column":19},"end":{"line":95,"column":20}},"loc":{"start":{"line":96,"column":2},"end":{"line":115,"column":14}},"line":96},"9":{"name":"(anonymous_9)","decl":{"start":{"line":137,"column":24},"end":{"line":137,"column":25}},"loc":{"start":{"line":137,"column":35},"end":{"line":141,"column":1}},"line":137}},"branchMap":{"0":{"loc":{"start":{"line":122,"column":7},"end":{"line":131,"column":14}},"type":"cond-expr","locations":[{"start":{"line":123,"column":8},"end":{"line":123,"column":19}},{"start":{"line":125,"column":8},"end":{"line":131,"column":14}}],"line":122}},"s":{"0":1,"1":0,"2":0,"3":0,"4":0,"5":0,"6":0,"7":0,"8":0,"9":0,"10":0,"11":0,"12":0,"13":0,"14":0,"15":0,"16":0,"17":0,"18":0,"19":0,"20":0,"21":0,"22":0,"23":0,"24":0,"25":0,"26":0,"27":0,"28":0,"29":0,"30":0,"31":0,"32":0,"33":0,"34":0,"35":0,"36":0,"37":0,"38":0,"39":0,"40":0,"41":0,"42":0,"43":0,"44":0,"45":0,"46":0,"47":0,"48":0,"49":1,"50":0,"51":1},"f":{"0":0,"1":0,"2":0,"3":0,"4":0,"5":0,"6":0,"7":0,"8":0,"9":0},"b":{"0":[0,0]},"_coverageSchema":"43e27e138ebf9cfc5966b082cf9a028302ed4184","hash":"2eb4fc5d24922543a60fe08e8c067c6ffea29274"}
,"/home/s015sir/git/fullstack/osa7/bloglist/src/index.js": {"path":"/home/s015sir/git/fullstack/osa7/bloglist/src/index.js","statementMap":{"0":{"start":{"line":7,"column":0},"end":{"line":12,"column":1}}},"fnMap":{},"branchMap":{},"s":{"0":0},"f":{},"b":{},"hash":"563c7a688d910f60370ab1e940e16e4d24c9eb81"}
,"/home/s015sir/git/fullstack/osa7/bloglist/src/setupTest.js": {"path":"/home/s015sir/git/fullstack/osa7/bloglist/src/setupTest.js","statementMap":{"0":{"start":{"line":1,"column":17},"end":{"line":1,"column":19}},"1":{"start":{"line":3,"column":25},"end":{"line":9,"column":1}},"2":{"start":{"line":5,"column":4},"end":{"line":5,"column":26}},"3":{"start":{"line":7,"column":20},"end":{"line":7,"column":35}},"4":{"start":{"line":11,"column":0},"end":{"line":11,"column":74}}},"fnMap":{"0":{"name":"(anonymous_0)","decl":{"start":{"line":4,"column":11},"end":{"line":4,"column":12}},"loc":{"start":{"line":4,"column":26},"end":{"line":6,"column":3}},"line":4},"1":{"name":"(anonymous_1)","decl":{"start":{"line":7,"column":11},"end":{"line":7,"column":12}},"loc":{"start":{"line":7,"column":20},"end":{"line":7,"column":35}},"line":7}},"branchMap":{},"s":{"0":0,"1":0,"2":0,"3":0,"4":0},"f":{"0":0,"1":0},"b":{},"hash":"b03eb1d143c38efecf43e30e7ce0c926d539d3b3"}
,"/home/s015sir/git/fullstack/osa7/bloglist/src/store.js": {"path":"/home/s015sir/git/fullstack/osa7/bloglist/src/store.js","statementMap":{"0":{"start":{"line":8,"column":16},"end":{"line":12,"column":2}},"1":{"start":{"line":14,"column":14},"end":{"line":14,"column":58}}},"fnMap":{},"branchMap":{},"s":{"0":0,"1":0},"f":{},"b":{},"hash":"2942fa93e8c94ad48d0f02e66071c1bc1b9d30bd"}
,"/home/s015sir/git/fullstack/osa7/bloglist/src/components/Blog.js": {"path":"/home/s015sir/git/fullstack/osa7/bloglist/src/components/Blog.js","statementMap":{"0":{"start":{"line":6,"column":13},"end":{"line":83,"column":1}},"1":{"start":{"line":8,"column":30},"end":{"line":8,"column":45}},"2":{"start":{"line":9,"column":25},"end":{"line":9,"column":58}},"3":{"start":{"line":10,"column":25},"end":{"line":10,"column":58}},"4":{"start":{"line":12,"column":23},"end":{"line":14,"column":3}},"5":{"start":{"line":13,"column":4},"end":{"line":13,"column":22}},"6":{"start":{"line":16,"column":21},"end":{"line":33,"column":3}},"7":{"start":{"line":17,"column":4},"end":{"line":17,"column":26}},"8":{"start":{"line":19,"column":4},"end":{"line":32,"column":5}},"9":{"start":{"line":20,"column":26},"end":{"line":26,"column":7}},"10":{"start":{"line":27,"column":6},"end":{"line":27,"column":51}},"11":{"start":{"line":28,"column":6},"end":{"line":28,"column":39}},"12":{"start":{"line":30,"column":6},"end":{"line":30,"column":42}},"13":{"start":{"line":31,"column":6},"end":{"line":31,"column":51}},"14":{"start":{"line":35,"column":23},"end":{"line":43,"column":3}},"15":{"start":{"line":36,"column":4},"end":{"line":42,"column":5}},"16":{"start":{"line":37,"column":6},"end":{"line":37,"column":50}},"17":{"start":{"line":38,"column":6},"end":{"line":38,"column":39}},"18":{"start":{"line":40,"column":6},"end":{"line":40,"column":42}},"19":{"start":{"line":41,"column":6},"end":{"line":41,"column":50}},"20":{"start":{"line":45,"column":24},"end":{"line":50,"column":3}},"21":{"start":{"line":46,"column":4},"end":{"line":48,"column":5}},"22":{"start":{"line":47,"column":6},"end":{"line":47,"column":20}},"23":{"start":{"line":62,"column":2},"end":{"line":82,"column":2}},"24":{"start":{"line":63,"column":2},"end":{"line":82,"column":1}},"25":{"start":{"line":85,"column":24},"end":{"line":89,"column":1}},"26":{"start":{"line":86,"column":2},"end":{"line":88,"column":3}},"27":{"start":{"line":91,"column":27},"end":{"line":93,"column":1}}},"fnMap":{"0":{"name":"(anonymous_0)","decl":{"start":{"line":6,"column":13},"end":{"line":6,"column":14}},"loc":{"start":{"line":6,"column":25},"end":{"line":83,"column":1}},"line":6},"1":{"name":"(anonymous_1)","decl":{"start":{"line":12,"column":23},"end":{"line":12,"column":24}},"loc":{"start":{"line":12,"column":29},"end":{"line":14,"column":3}},"line":12},"2":{"name":"(anonymous_2)","decl":{"start":{"line":16,"column":21},"end":{"line":16,"column":22}},"loc":{"start":{"line":16,"column":38},"end":{"line":33,"column":3}},"line":16},"3":{"name":"(anonymous_3)","decl":{"start":{"line":35,"column":23},"end":{"line":35,"column":24}},"loc":{"start":{"line":35,"column":35},"end":{"line":43,"column":3}},"line":35},"4":{"name":"(anonymous_4)","decl":{"start":{"line":45,"column":24},"end":{"line":45,"column":25}},"loc":{"start":{"line":45,"column":30},"end":{"line":50,"column":3}},"line":45},"5":{"name":"(anonymous_5)","decl":{"start":{"line":85,"column":24},"end":{"line":85,"column":25}},"loc":{"start":{"line":85,"column":35},"end":{"line":89,"column":1}},"line":85}},"branchMap":{"0":{"loc":{"start":{"line":9,"column":36},"end":{"line":9,"column":56}},"type":"cond-expr","locations":[{"start":{"line":9,"column":45},"end":{"line":9,"column":51}},{"start":{"line":9,"column":54},"end":{"line":9,"column":56}}],"line":9},"1":{"loc":{"start":{"line":10,"column":36},"end":{"line":10,"column":56}},"type":"cond-expr","locations":[{"start":{"line":10,"column":45},"end":{"line":10,"column":47}},{"start":{"line":10,"column":50},"end":{"line":10,"column":56}}],"line":10},"2":{"loc":{"start":{"line":46,"column":4},"end":{"line":48,"column":5}},"type":"if","locations":[{"start":{"line":46,"column":4},"end":{"line":48,"column":5}},{"start":{"line":46,"column":4},"end":{"line":48,"column":5}}],"line":46},"3":{"loc":{"start":{"line":62,"column":2},"end":{"line":82,"column":2}},"type":"if","locations":[{"start":{"line":62,"column":2},"end":{"line":82,"column":2}},{"start":{"line":62,"column":2},"end":{"line":82,"column":2}}],"line":62}},"s":{"0":2,"1":0,"2":0,"3":0,"4":0,"5":0,"6":0,"7":0,"8":0,"9":0,"10":0,"11":0,"12":0,"13":0,"14":0,"15":0,"16":0,"17":0,"18":0,"19":0,"20":0,"21":0,"22":0,"23":0,"24":0,"25":2,"26":0,"27":2},"f":{"0":0,"1":0,"2":0,"3":0,"4":0,"5":0},"b":{"0":[0,0],"1":[0,0],"2":[0,0],"3":[0,0]},"_coverageSchema":"43e27e138ebf9cfc5966b082cf9a028302ed4184","hash":"98567027e5c61d172da5378517da794d0fb1a080"}
,"/home/s015sir/git/fullstack/osa7/bloglist/src/components/Blogs.js": {"path":"/home/s015sir/git/fullstack/osa7/bloglist/src/components/Blogs.js","statementMap":{"0":{"start":{"line":7,"column":21},"end":{"line":36,"column":1}},"1":{"start":{"line":8,"column":12},"end":{"line":8,"column":28}},"2":{"start":{"line":9,"column":17},"end":{"line":9,"column":33}},"3":{"start":{"line":10,"column":2},"end":{"line":12,"column":23}},"4":{"start":{"line":11,"column":4},"end":{"line":11,"column":19}},"5":{"start":{"line":15,"column":2},"end":{"line":15,"column":42}},"6":{"start":{"line":16,"column":2},"end":{"line":34,"column":3}},"7":{"start":{"line":17,"column":24},"end":{"line":17,"column":69}},"8":{"start":{"line":17,"column":50},"end":{"line":17,"column":67}},"9":{"start":{"line":18,"column":21},"end":{"line":28,"column":5}},"10":{"start":{"line":19,"column":6},"end":{"line":27,"column":8}},"11":{"start":{"line":29,"column":4},"end":{"line":33,"column":5}},"12":{"start":{"line":30,"column":6},"end":{"line":32,"column":7}},"13":{"start":{"line":35,"column":2},"end":{"line":35,"column":16}},"14":{"start":{"line":39,"column":24},"end":{"line":44,"column":1}},"15":{"start":{"line":40,"column":2},"end":{"line":43,"column":3}},"16":{"start":{"line":46,"column":27},"end":{"line":48,"column":1}}},"fnMap":{"0":{"name":"(anonymous_0)","decl":{"start":{"line":7,"column":21},"end":{"line":7,"column":22}},"loc":{"start":{"line":7,"column":32},"end":{"line":36,"column":1}},"line":7},"1":{"name":"(anonymous_1)","decl":{"start":{"line":10,"column":12},"end":{"line":10,"column":13}},"loc":{"start":{"line":10,"column":18},"end":{"line":12,"column":3}},"line":10},"2":{"name":"(anonymous_2)","decl":{"start":{"line":17,"column":41},"end":{"line":17,"column":42}},"loc":{"start":{"line":17,"column":50},"end":{"line":17,"column":67}},"line":17},"3":{"name":"(anonymous_3)","decl":{"start":{"line":18,"column":37},"end":{"line":18,"column":38}},"loc":{"start":{"line":19,"column":6},"end":{"line":27,"column":8}},"line":19},"4":{"name":"(anonymous_4)","decl":{"start":{"line":39,"column":24},"end":{"line":39,"column":25}},"loc":{"start":{"line":39,"column":35},"end":{"line":44,"column":1}},"line":39}},"branchMap":{"0":{"loc":{"start":{"line":16,"column":2},"end":{"line":34,"column":3}},"type":"if","locations":[{"start":{"line":16,"column":2},"end":{"line":34,"column":3}},{"start":{"line":16,"column":2},"end":{"line":34,"column":3}}],"line":16},"1":{"loc":{"start":{"line":29,"column":4},"end":{"line":33,"column":5}},"type":"if","locations":[{"start":{"line":29,"column":4},"end":{"line":33,"column":5}},{"start":{"line":29,"column":4},"end":{"line":33,"column":5}}],"line":29}},"s":{"0":1,"1":0,"2":0,"3":0,"4":0,"5":0,"6":0,"7":0,"8":0,"9":0,"10":0,"11":0,"12":0,"13":0,"14":1,"15":0,"16":1},"f":{"0":0,"1":0,"2":0,"3":0,"4":0},"b":{"0":[0,0],"1":[0,0]},"_coverageSchema":"43e27e138ebf9cfc5966b082cf9a028302ed4184","hash":"64f7979762ed6bb2240b672fb645ea898e50244f"}
,"/home/s015sir/git/fullstack/osa7/bloglist/src/components/Notification.js": {"path":"/home/s015sir/git/fullstack/osa7/bloglist/src/components/Notification.js","statementMap":{"0":{"start":{"line":4,"column":21},"end":{"line":31,"column":1}},"1":{"start":{"line":5,"column":23},"end":{"line":5,"column":41}},"2":{"start":{"line":6,"column":2},"end":{"line":30,"column":3}},"3":{"start":{"line":7,"column":4},"end":{"line":9,"column":5}},"4":{"start":{"line":11,"column":4},"end":{"line":29,"column":5}},"5":{"start":{"line":12,"column":6},"end":{"line":16,"column":7}},"6":{"start":{"line":17,"column":11},"end":{"line":29,"column":5}},"7":{"start":{"line":18,"column":6},"end":{"line":22,"column":7}},"8":{"start":{"line":24,"column":6},"end":{"line":28,"column":7}},"9":{"start":{"line":33,"column":24},"end":{"line":38,"column":1}},"10":{"start":{"line":34,"column":2},"end":{"line":34,"column":52}},"11":{"start":{"line":35,"column":2},"end":{"line":37,"column":3}}},"fnMap":{"0":{"name":"(anonymous_0)","decl":{"start":{"line":4,"column":21},"end":{"line":4,"column":22}},"loc":{"start":{"line":4,"column":32},"end":{"line":31,"column":1}},"line":4},"1":{"name":"(anonymous_1)","decl":{"start":{"line":33,"column":24},"end":{"line":33,"column":25}},"loc":{"start":{"line":33,"column":35},"end":{"line":38,"column":1}},"line":33}},"branchMap":{"0":{"loc":{"start":{"line":6,"column":2},"end":{"line":30,"column":3}},"type":"if","locations":[{"start":{"line":6,"column":2},"end":{"line":30,"column":3}},{"start":{"line":6,"column":2},"end":{"line":30,"column":3}}],"line":6},"1":{"loc":{"start":{"line":11,"column":4},"end":{"line":29,"column":5}},"type":"if","locations":[{"start":{"line":11,"column":4},"end":{"line":29,"column":5}},{"start":{"line":11,"column":4},"end":{"line":29,"column":5}}],"line":11},"2":{"loc":{"start":{"line":17,"column":11},"end":{"line":29,"column":5}},"type":"if","locations":[{"start":{"line":17,"column":11},"end":{"line":29,"column":5}},{"start":{"line":17,"column":11},"end":{"line":29,"column":5}}],"line":17}},"s":{"0":1,"1":0,"2":0,"3":0,"4":0,"5":0,"6":0,"7":0,"8":0,"9":1,"10":0,"11":0},"f":{"0":0,"1":0},"b":{"0":[0,0],"1":[0,0],"2":[0,0]},"_coverageSchema":"43e27e138ebf9cfc5966b082cf9a028302ed4184","hash":"36f73cd323322fcf372e27ce43b1314b9f52da1f"}
,"/home/s015sir/git/fullstack/osa7/bloglist/src/components/SimpleBlog.js": {"path":"/home/s015sir/git/fullstack/osa7/bloglist/src/components/SimpleBlog.js","statementMap":{"0":{"start":{"line":3,"column":19},"end":{"line":13,"column":1}},"1":{"start":{"line":4,"column":2},"end":{"line":12,"column":8}}},"fnMap":{"0":{"name":"(anonymous_0)","decl":{"start":{"line":3,"column":19},"end":{"line":3,"column":20}},"loc":{"start":{"line":4,"column":2},"end":{"line":12,"column":8}},"line":4}},"branchMap":{},"s":{"0":1,"1":2},"f":{"0":2},"b":{},"_coverageSchema":"43e27e138ebf9cfc5966b082cf9a028302ed4184","hash":"f6a5b108acd799b7947322a8af3e1380e8947314"}
,"/home/s015sir/git/fullstack/osa7/bloglist/src/components/Togglable.js": {"path":"/home/s015sir/git/fullstack/osa7/bloglist/src/components/Togglable.js","statementMap":{"0":{"start":{"line":3,"column":18},"end":{"line":30,"column":2}},"1":{"start":{"line":4,"column":32},"end":{"line":4,"column":47}},"2":{"start":{"line":6,"column":26},"end":{"line":6,"column":60}},"3":{"start":{"line":7,"column":26},"end":{"line":7,"column":60}},"4":{"start":{"line":9,"column":27},"end":{"line":11,"column":3}},"5":{"start":{"line":10,"column":4},"end":{"line":10,"column":24}},"6":{"start":{"line":13,"column":2},"end":{"line":17,"column":4}},"7":{"start":{"line":14,"column":4},"end":{"line":16,"column":5}},"8":{"start":{"line":19,"column":2},"end":{"line":29,"column":3}}},"fnMap":{"0":{"name":"(anonymous_0)","decl":{"start":{"line":3,"column":35},"end":{"line":3,"column":36}},"loc":{"start":{"line":3,"column":51},"end":{"line":30,"column":1}},"line":3},"1":{"name":"(anonymous_1)","decl":{"start":{"line":9,"column":27},"end":{"line":9,"column":28}},"loc":{"start":{"line":9,"column":33},"end":{"line":11,"column":3}},"line":9},"2":{"name":"(anonymous_2)","decl":{"start":{"line":13,"column":27},"end":{"line":13,"column":28}},"loc":{"start":{"line":13,"column":33},"end":{"line":17,"column":3}},"line":13}},"branchMap":{"0":{"loc":{"start":{"line":6,"column":37},"end":{"line":6,"column":58}},"type":"cond-expr","locations":[{"start":{"line":6,"column":47},"end":{"line":6,"column":53}},{"start":{"line":6,"column":56},"end":{"line":6,"column":58}}],"line":6},"1":{"loc":{"start":{"line":7,"column":37},"end":{"line":7,"column":58}},"type":"cond-expr","locations":[{"start":{"line":7,"column":47},"end":{"line":7,"column":49}},{"start":{"line":7,"column":52},"end":{"line":7,"column":58}}],"line":7}},"s":{"0":1,"1":0,"2":0,"3":0,"4":0,"5":0,"6":0,"7":0,"8":0},"f":{"0":0,"1":0,"2":0},"b":{"0":[0,0],"1":[0,0]},"_coverageSchema":"43e27e138ebf9cfc5966b082cf9a028302ed4184","hash":"e37efaea9a8bf752cb8a9693ba03181a689f0936"}
,"/home/s015sir/git/fullstack/osa7/bloglist/src/hooks/index.js": {"path":"/home/s015sir/git/fullstack/osa7/bloglist/src/hooks/index.js","statementMap":{"0":{"start":{"line":3,"column":24},"end":{"line":19,"column":1}},"1":{"start":{"line":3,"column":63},"end":{"line":3,"column":75}},"2":{"start":{"line":5,"column":19},"end":{"line":7,"column":3}},"3":{"start":{"line":6,"column":4},"end":{"line":6,"column":32}},"4":{"start":{"line":9,"column":16},"end":{"line":11,"column":3}},"5":{"start":{"line":10,"column":4},"end":{"line":10,"column":16}},"6":{"start":{"line":13,"column":2},"end":{"line":18,"column":3}}},"fnMap":{"0":{"name":"(anonymous_0)","decl":{"start":{"line":3,"column":24},"end":{"line":3,"column":25}},"loc":{"start":{"line":3,"column":34},"end":{"line":19,"column":1}},"line":3},"1":{"name":"(anonymous_1)","decl":{"start":{"line":5,"column":19},"end":{"line":5,"column":20}},"loc":{"start":{"line":5,"column":30},"end":{"line":7,"column":3}},"line":5},"2":{"name":"(anonymous_2)","decl":{"start":{"line":9,"column":16},"end":{"line":9,"column":17}},"loc":{"start":{"line":9,"column":22},"end":{"line":11,"column":3}},"line":9}},"branchMap":{},"s":{"0":1,"1":0,"2":0,"3":0,"4":0,"5":0,"6":0},"f":{"0":0,"1":0,"2":0},"b":{},"_coverageSchema":"43e27e138ebf9cfc5966b082cf9a028302ed4184","hash":"e2d73566831d71f19d84a0e862cac2cfe939bc31"}
,"/home/s015sir/git/fullstack/osa7/bloglist/src/reducers/blogReducer.js": {"path":"/home/s015sir/git/fullstack/osa7/bloglist/src/reducers/blogReducer.js","statementMap":{"0":{"start":{"line":3,"column":24},"end":{"line":15,"column":1}},"1":{"start":{"line":4,"column":2},"end":{"line":14,"column":3}},"2":{"start":{"line":5,"column":20},"end":{"line":8,"column":5}},"3":{"start":{"line":9,"column":24},"end":{"line":9,"column":64}},"4":{"start":{"line":10,"column":4},"end":{"line":13,"column":6}},"5":{"start":{"line":17,"column":26},"end":{"line":25,"column":1}},"6":{"start":{"line":18,"column":2},"end":{"line":24,"column":3}},"7":{"start":{"line":19,"column":4},"end":{"line":19,"column":47}},"8":{"start":{"line":20,"column":4},"end":{"line":23,"column":6}},"9":{"start":{"line":27,"column":26},"end":{"line":35,"column":1}},"10":{"start":{"line":28,"column":2},"end":{"line":34,"column":3}},"11":{"start":{"line":29,"column":20},"end":{"line":29,"column":60}},"12":{"start":{"line":30,"column":4},"end":{"line":33,"column":6}},"13":{"start":{"line":37,"column":26},"end":{"line":47,"column":1}},"14":{"start":{"line":38,"column":2},"end":{"line":38,"column":57}},"15":{"start":{"line":39,"column":2},"end":{"line":46,"column":3}},"16":{"start":{"line":40,"column":18},"end":{"line":40,"column":49}},"17":{"start":{"line":41,"column":4},"end":{"line":41,"column":46}},"18":{"start":{"line":42,"column":4},"end":{"line":45,"column":6}},"19":{"start":{"line":49,"column":29},"end":{"line":56,"column":1}},"20":{"start":{"line":50,"column":2},"end":{"line":55,"column":3}},"21":{"start":{"line":51,"column":4},"end":{"line":54,"column":6}},"22":{"start":{"line":58,"column":16},"end":{"line":81,"column":1}},"23":{"start":{"line":59,"column":2},"end":{"line":59,"column":60}},"24":{"start":{"line":60,"column":2},"end":{"line":60,"column":46}},"25":{"start":{"line":62,"column":2},"end":{"line":80,"column":3}},"26":{"start":{"line":64,"column":6},"end":{"line":64,"column":36}},"27":{"start":{"line":66,"column":17},"end":{"line":66,"column":31}},"28":{"start":{"line":67,"column":6},"end":{"line":69,"column":7}},"29":{"start":{"line":68,"column":8},"end":{"line":68,"column":43}},"30":{"start":{"line":71,"column":6},"end":{"line":73,"column":7}},"31":{"start":{"line":72,"column":8},"end":{"line":72,"column":31}},"32":{"start":{"line":75,"column":6},"end":{"line":75,"column":24}},"33":{"start":{"line":77,"column":6},"end":{"line":77,"column":17}},"34":{"start":{"line":79,"column":6},"end":{"line":79,"column":18}}},"fnMap":{"0":{"name":"(anonymous_0)","decl":{"start":{"line":3,"column":24},"end":{"line":3,"column":25}},"loc":{"start":{"line":3,"column":47},"end":{"line":15,"column":1}},"line":3},"1":{"name":"(anonymous_1)","decl":{"start":{"line":4,"column":9},"end":{"line":4,"column":10}},"loc":{"start":{"line":4,"column":27},"end":{"line":14,"column":3}},"line":4},"2":{"name":"(anonymous_2)","decl":{"start":{"line":17,"column":26},"end":{"line":17,"column":27}},"loc":{"start":{"line":17,"column":45},"end":{"line":25,"column":1}},"line":17},"3":{"name":"(anonymous_3)","decl":{"start":{"line":18,"column":9},"end":{"line":18,"column":10}},"loc":{"start":{"line":18,"column":27},"end":{"line":24,"column":3}},"line":18},"4":{"name":"(anonymous_4)","decl":{"start":{"line":27,"column":26},"end":{"line":27,"column":27}},"loc":{"start":{"line":27,"column":46},"end":{"line":35,"column":1}},"line":27},"5":{"name":"(anonymous_5)","decl":{"start":{"line":28,"column":9},"end":{"line":28,"column":10}},"loc":{"start":{"line":28,"column":27},"end":{"line":34,"column":3}},"line":28},"6":{"name":"(anonymous_6)","decl":{"start":{"line":37,"column":26},"end":{"line":37,"column":27}},"loc":{"start":{"line":37,"column":37},"end":{"line":47,"column":1}},"line":37},"7":{"name":"(anonymous_7)","decl":{"start":{"line":39,"column":9},"end":{"line":39,"column":10}},"loc":{"start":{"line":39,"column":27},"end":{"line":46,"column":3}},"line":39},"8":{"name":"(anonymous_8)","decl":{"start":{"line":49,"column":29},"end":{"line":49,"column":30}},"loc":{"start":{"line":49,"column":35},"end":{"line":56,"column":1}},"line":49},"9":{"name":"(anonymous_9)","decl":{"start":{"line":50,"column":9},"end":{"line":50,"column":10}},"loc":{"start":{"line":50,"column":27},"end":{"line":55,"column":3}},"line":50},"10":{"name":"(anonymous_10)","decl":{"start":{"line":58,"column":16},"end":{"line":58,"column":17}},"loc":{"start":{"line":58,"column":40},"end":{"line":81,"column":1}},"line":58},"11":{"name":"(anonymous_11)","decl":{"start":{"line":67,"column":23},"end":{"line":67,"column":24}},"loc":{"start":{"line":68,"column":8},"end":{"line":68,"column":43}},"line":68},"12":{"name":"(anonymous_12)","decl":{"start":{"line":71,"column":26},"end":{"line":71,"column":27}},"loc":{"start":{"line":72,"column":8},"end":{"line":72,"column":31}},"line":72}},"branchMap":{"0":{"loc":{"start":{"line":58,"column":17},"end":{"line":58,"column":27}},"type":"default-arg","locations":[{"start":{"line":58,"column":25},"end":{"line":58,"column":27}}],"line":58},"1":{"loc":{"start":{"line":62,"column":2},"end":{"line":80,"column":3}},"type":"switch","locations":[{"start":{"line":63,"column":4},"end":{"line":64,"column":36}},{"start":{"line":65,"column":4},"end":{"line":69,"column":7}},{"start":{"line":70,"column":4},"end":{"line":73,"column":7}},{"start":{"line":74,"column":4},"end":{"line":75,"column":24}},{"start":{"line":76,"column":4},"end":{"line":77,"column":17}},{"start":{"line":78,"column":4},"end":{"line":79,"column":18}}],"line":62},"2":{"loc":{"start":{"line":68,"column":8},"end":{"line":68,"column":43}},"type":"cond-expr","locations":[{"start":{"line":68,"column":25},"end":{"line":68,"column":29}},{"start":{"line":68,"column":32},"end":{"line":68,"column":43}}],"line":68}},"s":{"0":2,"1":0,"2":0,"3":0,"4":0,"5":2,"6":0,"7":0,"8":0,"9":2,"10":0,"11":0,"12":0,"13":2,"14":0,"15":0,"16":0,"17":0,"18":0,"19":2,"20":0,"21":0,"22":2,"23":0,"24":0,"25":0,"26":0,"27":0,"28":0,"29":0,"30":0,"31":0,"32":0,"33":0,"34":0},"f":{"0":0,"1":0,"2":0,"3":0,"4":0,"5":0,"6":0,"7":0,"8":0,"9":0,"10":0,"11":0,"12":0},"b":{"0":[0],"1":[0,0,0,0,0,0],"2":[0,0]},"_coverageSchema":"43e27e138ebf9cfc5966b082cf9a028302ed4184","hash":"c37d1f078c6308588debf76c1776e8556232d4ad"}
,"/home/s015sir/git/fullstack/osa7/bloglist/src/reducers/loginReducer.js": {"path":"/home/s015sir/git/fullstack/osa7/bloglist/src/reducers/loginReducer.js","statementMap":{"0":{"start":{"line":3,"column":21},"end":{"line":7,"column":1}},"1":{"start":{"line":9,"column":21},"end":{"line":23,"column":1}},"2":{"start":{"line":10,"column":2},"end":{"line":22,"column":3}},"3":{"start":{"line":11,"column":17},"end":{"line":13,"column":29}},"4":{"start":{"line":14,"column":4},"end":{"line":21,"column":6}},"5":{"start":{"line":25,"column":22},"end":{"line":32,"column":1}},"6":{"start":{"line":26,"column":2},"end":{"line":31,"column":3}},"7":{"start":{"line":27,"column":4},"end":{"line":30,"column":6}},"8":{"start":{"line":34,"column":16},"end":{"line":46,"column":1}},"9":{"start":{"line":35,"column":2},"end":{"line":35,"column":61}},"10":{"start":{"line":36,"column":2},"end":{"line":36,"column":48}},"11":{"start":{"line":38,"column":2},"end":{"line":45,"column":3}},"12":{"start":{"line":40,"column":6},"end":{"line":40,"column":24}},"13":{"start":{"line":42,"column":6},"end":{"line":42,"column":25}},"14":{"start":{"line":44,"column":6},"end":{"line":44,"column":18}}},"fnMap":{"0":{"name":"(anonymous_0)","decl":{"start":{"line":9,"column":21},"end":{"line":9,"column":22}},"loc":{"start":{"line":9,"column":45},"end":{"line":23,"column":1}},"line":9},"1":{"name":"(anonymous_1)","decl":{"start":{"line":10,"column":9},"end":{"line":10,"column":10}},"loc":{"start":{"line":10,"column":27},"end":{"line":22,"column":3}},"line":10},"2":{"name":"(anonymous_2)","decl":{"start":{"line":25,"column":22},"end":{"line":25,"column":23}},"loc":{"start":{"line":25,"column":28},"end":{"line":32,"column":1}},"line":25},"3":{"name":"(anonymous_3)","decl":{"start":{"line":26,"column":9},"end":{"line":26,"column":10}},"loc":{"start":{"line":26,"column":27},"end":{"line":31,"column":3}},"line":26},"4":{"name":"(anonymous_4)","decl":{"start":{"line":34,"column":16},"end":{"line":34,"column":17}},"loc":{"start":{"line":34,"column":50},"end":{"line":46,"column":1}},"line":34}},"branchMap":{"0":{"loc":{"start":{"line":34,"column":17},"end":{"line":34,"column":37}},"type":"default-arg","locations":[{"start":{"line":34,"column":25},"end":{"line":34,"column":37}}],"line":34},"1":{"loc":{"start":{"line":38,"column":2},"end":{"line":45,"column":3}},"type":"switch","locations":[{"start":{"line":39,"column":4},"end":{"line":40,"column":24}},{"start":{"line":41,"column":4},"end":{"line":42,"column":25}},{"start":{"line":43,"column":4},"end":{"line":44,"column":18}}],"line":38}},"s":{"0":1,"1":1,"2":0,"3":0,"4":0,"5":1,"6":0,"7":0,"8":1,"9":0,"10":0,"11":0,"12":0,"13":0,"14":0},"f":{"0":0,"1":0,"2":0,"3":0,"4":0},"b":{"0":[0],"1":[0,0,0]},"_coverageSchema":"43e27e138ebf9cfc5966b082cf9a028302ed4184","hash":"cde9925ca837e6a2e74b0f8e66fcde8b80bc9112"}
,"/home/s015sir/git/fullstack/osa7/bloglist/src/reducers/notificationReducer.js": {"path":"/home/s015sir/git/fullstack/osa7/bloglist/src/reducers/notificationReducer.js","statementMap":{"0":{"start":{"line":1,"column":21},"end":{"line":4,"column":1}},"1":{"start":{"line":6,"column":24},"end":{"line":13,"column":1}},"2":{"start":{"line":7,"column":2},"end":{"line":12,"column":3}},"3":{"start":{"line":8,"column":4},"end":{"line":8,"column":53}},"4":{"start":{"line":9,"column":4},"end":{"line":11,"column":25}},"5":{"start":{"line":10,"column":6},"end":{"line":10,"column":34}},"6":{"start":{"line":15,"column":25},"end":{"line":22,"column":1}},"7":{"start":{"line":16,"column":2},"end":{"line":21,"column":3}},"8":{"start":{"line":17,"column":4},"end":{"line":17,"column":54}},"9":{"start":{"line":18,"column":4},"end":{"line":20,"column":25}},"10":{"start":{"line":19,"column":6},"end":{"line":19,"column":34}},"11":{"start":{"line":24,"column":32},"end":{"line":29,"column":1}},"12":{"start":{"line":25,"column":2},"end":{"line":28,"column":3}},"13":{"start":{"line":31,"column":32},"end":{"line":39,"column":1}},"14":{"start":{"line":32,"column":2},"end":{"line":38,"column":3}},"15":{"start":{"line":41,"column":28},"end":{"line":55,"column":1}},"16":{"start":{"line":42,"column":2},"end":{"line":42,"column":68}},"17":{"start":{"line":43,"column":2},"end":{"line":43,"column":54}},"18":{"start":{"line":45,"column":2},"end":{"line":54,"column":3}},"19":{"start":{"line":47,"column":6},"end":{"line":47,"column":25}},"20":{"start":{"line":48,"column":6},"end":{"line":48,"column":18}},"21":{"start":{"line":50,"column":7},"end":{"line":50,"column":27}},"22":{"start":{"line":51,"column":7},"end":{"line":51,"column":19}},"23":{"start":{"line":53,"column":7},"end":{"line":53,"column":19}}},"fnMap":{"0":{"name":"(anonymous_0)","decl":{"start":{"line":6,"column":24},"end":{"line":6,"column":25}},"loc":{"start":{"line":6,"column":49},"end":{"line":13,"column":1}},"line":6},"1":{"name":"(anonymous_1)","decl":{"start":{"line":7,"column":9},"end":{"line":7,"column":10}},"loc":{"start":{"line":7,"column":27},"end":{"line":12,"column":3}},"line":7},"2":{"name":"(anonymous_2)","decl":{"start":{"line":9,"column":15},"end":{"line":9,"column":16}},"loc":{"start":{"line":9,"column":21},"end":{"line":11,"column":5}},"line":9},"3":{"name":"(anonymous_3)","decl":{"start":{"line":15,"column":25},"end":{"line":15,"column":26}},"loc":{"start":{"line":15,"column":50},"end":{"line":22,"column":1}},"line":15},"4":{"name":"(anonymous_4)","decl":{"start":{"line":16,"column":9},"end":{"line":16,"column":10}},"loc":{"start":{"line":16,"column":27},"end":{"line":21,"column":3}},"line":16},"5":{"name":"(anonymous_5)","decl":{"start":{"line":18,"column":15},"end":{"line":18,"column":16}},"loc":{"start":{"line":18,"column":21},"end":{"line":20,"column":5}},"line":18},"6":{"name":"(anonymous_6)","decl":{"start":{"line":24,"column":32},"end":{"line":24,"column":33}},"loc":{"start":{"line":24,"column":38},"end":{"line":29,"column":1}},"line":24},"7":{"name":"(anonymous_7)","decl":{"start":{"line":31,"column":32},"end":{"line":31,"column":33}},"loc":{"start":{"line":31,"column":51},"end":{"line":39,"column":1}},"line":31},"8":{"name":"(anonymous_8)","decl":{"start":{"line":41,"column":28},"end":{"line":41,"column":29}},"loc":{"start":{"line":41,"column":62},"end":{"line":55,"column":1}},"line":41}},"branchMap":{"0":{"loc":{"start":{"line":41,"column":29},"end":{"line":41,"column":49}},"type":"default-arg","locations":[{"start":{"line":41,"column":37},"end":{"line":41,"column":49}}],"line":41},"1":{"loc":{"start":{"line":45,"column":2},"end":{"line":54,"column":3}},"type":"switch","locations":[{"start":{"line":46,"column":4},"end":{"line":48,"column":18}},{"start":{"line":49,"column":4},"end":{"line":51,"column":19}},{"start":{"line":52,"column":5},"end":{"line":53,"column":19}}],"line":45}},"s":{"0":2,"1":2,"2":0,"3":0,"4":0,"5":0,"6":2,"7":0,"8":0,"9":0,"10":0,"11":2,"12":0,"13":2,"14":0,"15":2,"16":0,"17":0,"18":0,"19":0,"20":0,"21":0,"22":0,"23":0},"f":{"0":0,"1":0,"2":0,"3":0,"4":0,"5":0,"6":0,"7":0,"8":0},"b":{"0":[0],"1":[0,0,0]},"_coverageSchema":"43e27e138ebf9cfc5966b082cf9a028302ed4184","hash":"dc7c12b7dac3ce13f0a3e16571bf123167173b86"}
,"/home/s015sir/git/fullstack/osa7/bloglist/src/services/blogs.js": {"path":"/home/s015sir/git/fullstack/osa7/bloglist/src/services/blogs.js","statementMap":{"0":{"start":{"line":2,"column":16},"end":{"line":2,"column":28}},"1":{"start":{"line":4,"column":15},"end":{"line":12,"column":1}},"2":{"start":{"line":5,"column":17},"end":{"line":7,"column":3}},"3":{"start":{"line":9,"column":19},"end":{"line":9,"column":51}},"4":{"start":{"line":11,"column":2},"end":{"line":11,"column":22}},"5":{"start":{"line":14,"column":15},"end":{"line":20,"column":1}},"6":{"start":{"line":15,"column":17},"end":{"line":17,"column":3}},"7":{"start":{"line":18,"column":19},"end":{"line":18,"column":61}},"8":{"start":{"line":19,"column":2},"end":{"line":19,"column":22}},"9":{"start":{"line":22,"column":15},"end":{"line":28,"column":1}},"10":{"start":{"line":23,"column":17},"end":{"line":25,"column":3}},"11":{"start":{"line":26,"column":19},"end":{"line":26,"column":83}},"12":{"start":{"line":27,"column":2},"end":{"line":27,"column":22}},"13":{"start":{"line":30,"column":19},"end":{"line":36,"column":1}},"14":{"start":{"line":31,"column":17},"end":{"line":33,"column":3}},"15":{"start":{"line":34,"column":19},"end":{"line":34,"column":60}},"16":{"start":{"line":35,"column":2},"end":{"line":35,"column":22}}},"fnMap":{"0":{"name":"(anonymous_0)","decl":{"start":{"line":4,"column":15},"end":{"line":4,"column":16}},"loc":{"start":{"line":4,"column":32},"end":{"line":12,"column":1}},"line":4},"1":{"name":"(anonymous_1)","decl":{"start":{"line":14,"column":15},"end":{"line":14,"column":16}},"loc":{"start":{"line":14,"column":41},"end":{"line":20,"column":1}},"line":14},"2":{"name":"(anonymous_2)","decl":{"start":{"line":22,"column":15},"end":{"line":22,"column":16}},"loc":{"start":{"line":22,"column":45},"end":{"line":28,"column":1}},"line":22},"3":{"name":"(anonymous_3)","decl":{"start":{"line":30,"column":19},"end":{"line":30,"column":20}},"loc":{"start":{"line":30,"column":40},"end":{"line":36,"column":1}},"line":30}},"branchMap":{},"s":{"0":1,"1":1,"2":0,"3":0,"4":0,"5":1,"6":0,"7":0,"8":0,"9":1,"10":0,"11":0,"12":0,"13":1,"14":0,"15":0,"16":0},"f":{"0":0,"1":0,"2":0,"3":0},"b":{},"_coverageSchema":"43e27e138ebf9cfc5966b082cf9a028302ed4184","hash":"529bb8656020cf68f8905f62dba5cb77aeda590d"}
,"/home/s015sir/git/fullstack/osa7/bloglist/src/services/login.js": {"path":"/home/s015sir/git/fullstack/osa7/bloglist/src/services/login.js","statementMap":{"0":{"start":{"line":2,"column":16},"end":{"line":2,"column":28}},"1":{"start":{"line":4,"column":14},"end":{"line":7,"column":1}},"2":{"start":{"line":5,"column":19},"end":{"line":5,"column":57}},"3":{"start":{"line":6,"column":2},"end":{"line":6,"column":22}}},"fnMap":{"0":{"name":"(anonymous_0)","decl":{"start":{"line":4,"column":14},"end":{"line":4,"column":15}},"loc":{"start":{"line":4,"column":35},"end":{"line":7,"column":1}},"line":4}},"branchMap":{},"s":{"0":0,"1":0,"2":0,"3":0},"f":{"0":0},"b":{},"hash":"351ea8d72e9dc4973e6ab1c7f1d251f9ed16e399"}
}
